0 info it worked if it ends with ok
1 verbose cli [ 'C:\\Program Files\\nodejs\\node.exe',
1 verbose cli   'C:\\Program Files\\nodejs\\node_modules\\npm\\bin\\npm-cli.js',
1 verbose cli   'start' ]
2 info using npm@3.3.12
3 info using node@v5.5.0
4 verbose run-script [ 'prestart', 'start', 'poststart' ]
5 info lifecycle meganote-server@0.1.0~prestart: meganote-server@0.1.0
6 silly lifecycle meganote-server@0.1.0~prestart: no script for prestart, continuing
7 info lifecycle meganote-server@0.1.0~start: meganote-server@0.1.0
8 verbose lifecycle meganote-server@0.1.0~start: unsafe-perm in lifecycle true
9 verbose lifecycle meganote-server@0.1.0~start: PATH: C:\Program Files\nodejs\node_modules\npm\bin\node-gyp-bin;C:\Users\Thomas\.babun\cygwin\home\Thomas\xternbootcamp\megaNote\meganote-server\node_modules\.bin;C:\Users\Thomas\.babun\cygwin\home\Thomas\.local\bin;C:\Users\Thomas\.babun\cygwin\usr\local\bin;C:\Users\Thomas\.babun\cygwin\usr\local\bin;C:\Users\Thomas\.babun\cygwin\bin;C:\Users\Thomas\.babun\cygwin\home\Thomas\.local\bin;C:\Program Files\Common Files\Microsoft Shared\Windows Live;C:\Program Files (x86)\Common Files\Microsoft Shared\Windows Live;C:\ProgramData\Oracle\Java\javapath;C:\Program Files (x86)\Java\jdk1.7.0_45\bin;C:\Program Files (x86)\Intel\iCLS Client;C:\Program Files\Intel\iCLS Client;C:\Windows\system32;C:\Windows;C:\Windows\System32\Wbem;C:\Windows\System32\WindowsPowerShell\v1.0;C:\Program Files\Intel\Intel(R) Management Engine Components\DAL;C:\Program Files\Intel\Intel(R) Management Engine Components\IPT;C:\Program Files (x86)\Intel\Intel(R) Management Engine Components\DAL;C:\Program Files (x86)\Intel\Intel(R) Management Engine Components\IPT;C:\Program Files\MATLAB\R2012b\runtime\win64;C:\Program Files\MATLAB\R2012b\bin;C:\Program Files\Microsoft Windows Performance Toolkit;C:\Program Files (x86)\NVIDIA Corporation\PhysX\Common; C;C:\Users\Thomas\.babun\cygwin\sqlite;C:\Program Files (x86)\Windows Live\Shared;C:\Program Files (x86)\Skype\Phone;C:\Program Files\nodejs;C:\Users\Thomas\AppData\Local\atom\bin;C:\Users\Thomas\AppData\Roaming\npm;C:\Users\Thomas\.babun
10 verbose lifecycle meganote-server@0.1.0~start: CWD: C:\Users\Thomas\.babun\cygwin\home\Thomas\xternbootcamp\megaNote\meganote-server
11 silly lifecycle meganote-server@0.1.0~start: Args: [ '/d /s /c', 'node app.js' ]
12 silly lifecycle meganote-server@0.1.0~start: Returned: code: 1  signal: null
13 info lifecycle meganote-server@0.1.0~start: Failed to exec start script
14 verbose stack Error: meganote-server@0.1.0 start: `node app.js`
14 verbose stack Exit status 1
14 verbose stack     at EventEmitter.<anonymous> (C:\Program Files\nodejs\node_modules\npm\lib\utils\lifecycle.js:232:16)
14 verbose stack     at emitTwo (events.js:100:13)
14 verbose stack     at EventEmitter.emit (events.js:185:7)
14 verbose stack     at ChildProcess.<anonymous> (C:\Program Files\nodejs\node_modules\npm\lib\utils\spawn.js:24:14)
14 verbose stack     at emitTwo (events.js:100:13)
14 verbose stack     at ChildProcess.emit (events.js:185:7)
14 verbose stack     at maybeClose (internal/child_process.js:821:16)
14 verbose stack     at Process.ChildProcess._handle.onexit (internal/child_process.js:211:5)
15 verbose pkgid meganote-server@0.1.0
16 verbose cwd C:\Users\Thomas\.babun\cygwin\home\Thomas\xternbootcamp\megaNote\meganote-server
17 error Windows_NT 6.1.7601
18 error argv "C:\\Program Files\\nodejs\\node.exe" "C:\\Program Files\\nodejs\\node_modules\\npm\\bin\\npm-cli.js" "start"
19 error node v5.5.0
20 error npm  v3.3.12
21 error code ELIFECYCLE
22 error meganote-server@0.1.0 start: `node app.js`
22 error Exit status 1
23 error Failed at the meganote-server@0.1.0 start script 'node app.js'.
23 error Make sure you have the latest version of node.js and npm installed.
23 error If you do, this is most likely a problem with the meganote-server package,
23 error not with npm itself.
23 error Tell the author that this fails on your system:
23 error     node app.js
23 error You can get their info via:
23 error     npm owner ls meganote-server
23 error There is likely additional logging output above.
24 verbose exit [ 1, true ]
